This file contains any messages produced by compilers while
running configure, to aid debugging if configure makes a mistake.

It was created by SU2 configure 6.0.0, which was
generated by GNU Autoconf 2.69.  Invocation command line was

  $ ./configure --prefix=/home/pavani/Downloads/SU2-6.0.0 CXXFLAGS=-03 --enable-mpi --with-cc=/usr/local/etc/alternatives/mpicc --with-cxx=/usr/local/etc/alternatives/mpicxx

## --------- ##
## Platform. ##
## --------- ##

hostname = pavani-TravelMate-P243-M
uname -m = x86_64
uname -r = 4.13.0-37-generic
uname -s = Linux
uname -v = #42-Ubuntu SMP Wed Mar 7 14:13:23 UTC 2018

/usr/bin/uname -p = unknown
/bin/uname -X     = unknown

/bin/arch              = unknown
/usr/bin/arch -k       = unknown
/usr/convex/getsysinfo = unknown
/usr/bin/hostinfo      = unknown
/bin/machine           = unknown
/usr/bin/oslevel       = unknown
/bin/universe          = unknown

PATH: /usr/local/sbin
PATH: /usr/local/bin
PATH: /usr/sbin
PATH: /usr/bin
PATH: /sbin
PATH: /bin
PATH: /usr/games
PATH: /usr/local/games
PATH: /snap/bin
PATH: /usr/local/bin


## ----------- ##
## Core tests. ##
## ----------- ##

configure:2499: checking build system type
configure:2513: result: x86_64-unknown-linux-gnu
configure:2533: checking host system type
configure:2546: result: x86_64-unknown-linux-gnu
configure:2566: checking target system type
configure:2579: result: x86_64-unknown-linux-gnu
configure:2621: checking for a BSD-compatible install
configure:2689: result: /usr/bin/install -c
configure:2700: checking whether build environment is sane
configure:2755: result: yes
configure:2906: checking for a thread-safe mkdir -p
configure:2945: result: /bin/mkdir -p
configure:2952: checking for gawk
configure:2982: result: no
configure:2952: checking for mawk
configure:2968: found /usr/bin/mawk
configure:2979: result: mawk
configure:2990: checking whether make sets $(MAKE)
configure:3012: result: yes
configure:3109: checking whether make supports nested variables
configure:3126: result: yes
configure:3151: checking for style of include used by make
configure:3179: result: GNU
configure:3357: checking for C++ compiler version
configure:3366: /usr/local/etc/alternatives/mpicxx --version >&5
./configure: line 3368: /usr/local/etc/alternatives/mpicxx: No such file or directory
configure:3377: $? = 127
configure:3366: /usr/local/etc/alternatives/mpicxx -v >&5
./configure: line 3368: /usr/local/etc/alternatives/mpicxx: No such file or directory
configure:3377: $? = 127
configure:3366: /usr/local/etc/alternatives/mpicxx -V >&5
./configure: line 3368: /usr/local/etc/alternatives/mpicxx: No such file or directory
configure:3377: $? = 127
configure:3366: /usr/local/etc/alternatives/mpicxx -qversion >&5
./configure: line 3368: /usr/local/etc/alternatives/mpicxx: No such file or directory
configure:3377: $? = 127
configure:3397: checking whether the C++ compiler works
configure:3419: /usr/local/etc/alternatives/mpicxx -03 -DHAVE_MPI   conftest.cpp  >&5
./configure: line 3421: /usr/local/etc/alternatives/mpicxx: No such file or directory
configure:3423: $? = 127
configure:3461: result: no
configure: failed program was:
| /* confdefs.h */
| #define PACKAGE_NAME "SU2"
| #define PACKAGE_TARNAME "SU2"
| #define PACKAGE_VERSION "6.0.0"
| #define PACKAGE_STRING "SU2 6.0.0"
| #define PACKAGE_BUGREPORT "su2code-dev@lists.stanford.edu"
| #define PACKAGE_URL "https://github.com/su2code"
| #define PACKAGE "SU2"
| #define VERSION "6.0.0"
| /* end confdefs.h.  */
| 
| int
| main ()
| {
| 
|   ;
|   return 0;
| }
configure:3466: error: in `/home/pavani/Downloads/SU2-6.0.0':
configure:3468: error: C++ compiler cannot create executables
See `config.log' for more details

## ---------------- ##
## Cache variables. ##
## ---------------- ##

ac_cv_build=x86_64-unknown-linux-gnu
ac_cv_env_CCC_set=
ac_cv_env_CCC_value=
ac_cv_env_CC_set=
ac_cv_env_CC_value=
ac_cv_env_CFLAGS_set=
ac_cv_env_CFLAGS_value=
ac_cv_env_CPPFLAGS_set=
ac_cv_env_CPPFLAGS_value=
ac_cv_env_CPP_set=
ac_cv_env_CPP_value=
ac_cv_env_CXXFLAGS_set=set
ac_cv_env_CXXFLAGS_value=-03
ac_cv_env_CXX_set=
ac_cv_env_CXX_value=
ac_cv_env_LDFLAGS_set=
ac_cv_env_LDFLAGS_value=
ac_cv_env_LIBS_set=
ac_cv_env_LIBS_value=
ac_cv_env_PYTHON_CONFIG_set=
ac_cv_env_PYTHON_CONFIG_value=
ac_cv_env_PYTHON_EXEC_PREFIX_set=
ac_cv_env_PYTHON_EXEC_PREFIX_value=
ac_cv_env_PYTHON_INCLUDE_set=
ac_cv_env_PYTHON_INCLUDE_value=
ac_cv_env_PYTHON_LIB_set=
ac_cv_env_PYTHON_LIB_value=
ac_cv_env_PYTHON_set=
ac_cv_env_PYTHON_value=
ac_cv_env_build_alias_set=
ac_cv_env_build_alias_value=
ac_cv_env_host_alias_set=
ac_cv_env_host_alias_value=
ac_cv_env_target_alias_set=
ac_cv_env_target_alias_value=
ac_cv_host=x86_64-unknown-linux-gnu
ac_cv_path_install='/usr/bin/install -c'
ac_cv_path_mkdir=/bin/mkdir
ac_cv_prog_AWK=mawk
ac_cv_prog_make_make_set=yes
ac_cv_target=x86_64-unknown-linux-gnu
am_cv_make_support_nested_variables=yes

## ----------------- ##
## Output variables. ##
## ----------------- ##

ACLOCAL='${SHELL} /home/pavani/Downloads/SU2-6.0.0/missing --run aclocal-1.12'
AMDEPBACKSLASH='\'
AMDEP_FALSE='#'
AMDEP_TRUE=''
AMTAR='$${TAR-tar}'
AM_BACKSLASH='\'
AM_DEFAULT_V='$(AM_DEFAULT_VERBOSITY)'
AM_DEFAULT_VERBOSITY='0'
AM_V='$(V)'
AUTOCONF='${SHELL} /home/pavani/Downloads/SU2-6.0.0/missing --run autoconf'
AUTOHEADER='${SHELL} /home/pavani/Downloads/SU2-6.0.0/missing --run autoheader'
AUTOMAKE='${SHELL} /home/pavani/Downloads/SU2-6.0.0/missing --run automake-1.12'
AWK='mawk'
BUILD_CFD_FALSE=''
BUILD_CFD_TRUE=''
BUILD_CGNS_FALSE=''
BUILD_CGNS_TRUE=''
BUILD_DEF_FALSE=''
BUILD_DEF_TRUE=''
BUILD_DIRECTDIFF_FALSE=''
BUILD_DIRECTDIFF_TRUE=''
BUILD_DOT_FALSE=''
BUILD_DOT_TRUE=''
BUILD_GEO_FALSE=''
BUILD_GEO_TRUE=''
BUILD_HDF5_FALSE=''
BUILD_HDF5_TRUE=''
BUILD_JSONCPP_FALSE=''
BUILD_JSONCPP_TRUE=''
BUILD_LAPACK_FALSE=''
BUILD_LAPACK_TRUE=''
BUILD_METIS_FALSE=''
BUILD_METIS_TRUE=''
BUILD_MSH_FALSE=''
BUILD_MSH_TRUE=''
BUILD_MUTATIONPP_FALSE=''
BUILD_MUTATIONPP_TRUE=''
BUILD_NORMAL_FALSE=''
BUILD_NORMAL_TRUE=''
BUILD_PARMETIS_FALSE=''
BUILD_PARMETIS_TRUE=''
BUILD_PY_FALSE=''
BUILD_PY_TRUE=''
BUILD_PY_WRAPPER_FALSE=''
BUILD_PY_WRAPPER_TRUE=''
BUILD_REVERSE_FALSE=''
BUILD_REVERSE_TRUE=''
BUILD_SOL_FALSE=''
BUILD_SOL_TRUE=''
BUILD_SZIP_FALSE=''
BUILD_SZIP_TRUE=''
BUILD_TECIO_FALSE=''
BUILD_TECIO_TRUE=''
BUILD_ZLIB_FALSE=''
BUILD_ZLIB_TRUE=''
CC=''
CCDEPMODE=''
CFLAGS=''
CGNS_INCLUDE=''
CGNS_LIB=''
CPP=''
CPPFLAGS='-DHAVE_MPI '
CXX='/usr/local/etc/alternatives/mpicxx'
CXXDEPMODE=''
CXXFLAGS='-03'
CYGPATH_W='echo'
DEFS=''
DEPDIR='.deps'
DIRECTDIFF_CXX=''
DIRECTDIFF_LIBS=''
ECHO_C=''
ECHO_N='-n'
ECHO_T=''
EGREP=''
EXEEXT=''
GREP=''
HDF5_CXX=''
HDF5_LD=''
INSTALL_DATA='${INSTALL} -m 644'
INSTALL_PROGRAM='${INSTALL}'
INSTALL_SCRIPT='${INSTALL}'
INSTALL_STRIP_PROGRAM='$(install_sh) -c -s'
JSONCPP_CXX=''
JSONCPP_LD=''
LAPACK_CXX=''
LAPACK_LD=''
LDFLAGS=''
LIBOBJS=''
LIBS=''
LTLIBOBJS=''
MAKEINFO='${SHELL} /home/pavani/Downloads/SU2-6.0.0/missing --run makeinfo'
METIS_INCLUDE=''
METIS_LIB=''
MKDIR_P='/bin/mkdir -p'
MUTATIONPP_CXX=''
MUTATIONPP_LD=''
OBJEXT=''
PACKAGE='SU2'
PACKAGE_BUGREPORT='su2code-dev@lists.stanford.edu'
PACKAGE_NAME='SU2'
PACKAGE_STRING='SU2 6.0.0'
PACKAGE_TARNAME='SU2'
PACKAGE_URL='https://github.com/su2code'
PACKAGE_VERSION='6.0.0'
PARMETIS_INCLUDE=''
PARMETIS_LIB=''
PATH_SEPARATOR=':'
PYTHON=''
PYTHON_CONFIG=''
PYTHON_EXEC_PREFIX=''
PYTHON_INCLUDE=''
PYTHON_LIB=''
PYTHON_PLATFORM=''
PYTHON_PREFIX=''
PYTHON_VERSION=''
RANLIB=''
REVERSE_CXX=''
REVERSE_LIBS=''
SET_MAKE=''
SHELL='/bin/bash'
STRIP=''
SU2_CGNS_CPPFLAGS=''
SU2_METIS_CPPFLAGS=''
SU2_PARMETIS_CPPFLAGS=''
SZIP_CXX=''
SZIP_LD=''
TECIO_CPPFLAGS=''
TECIO_INCLUDE=''
VERSION='6.0.0'
ZLIB_CXX=''
ZLIB_LD=''
ac_ct_CC=''
ac_ct_CXX=''
am__EXEEXT_FALSE=''
am__EXEEXT_TRUE=''
am__fastdepCC_FALSE=''
am__fastdepCC_TRUE=''
am__fastdepCXX_FALSE=''
am__fastdepCXX_TRUE=''
am__include='include'
am__isrc=''
am__leading_dot='.'
am__nodep='_no'
am__quote=''
am__tar='$${TAR-tar} chof - "$$tardir"'
am__untar='$${TAR-tar} xf -'
bindir='${exec_prefix}/bin'
build='x86_64-unknown-linux-gnu'
build_alias=''
build_cpu='x86_64'
build_os='linux-gnu'
build_vendor='unknown'
datadir='${datarootdir}'
datarootdir='${prefix}/share'
docdir='${datarootdir}/doc/${PACKAGE_TARNAME}'
dvidir='${docdir}'
exec_prefix='NONE'
host='x86_64-unknown-linux-gnu'
host_alias=''
host_cpu='x86_64'
host_os='linux-gnu'
host_vendor='unknown'
htmldir='${docdir}'
includedir='${prefix}/include'
infodir='${datarootdir}/info'
install_sh='${SHELL} /home/pavani/Downloads/SU2-6.0.0/install-sh'
libdir='${exec_prefix}/lib'
libexecdir='${exec_prefix}/libexec'
localedir='${datarootdir}/locale'
localstatedir='${prefix}/var'
mandir='${datarootdir}/man'
mkdir_p='$(MKDIR_P)'
oldincludedir='/usr/include'
pdfdir='${docdir}'
pkgpyexecdir=''
pkgpythondir=''
prefix='/home/pavani/Downloads/SU2-6.0.0'
program_transform_name='s,x,x,'
psdir='${docdir}'
pyexecdir=''
pythondir=''
sbindir='${exec_prefix}/sbin'
sharedstatedir='${prefix}/com'
su2_externals_INCLUDES=''
su2_externals_LIBS=''
sysconfdir='${prefix}/etc'
target='x86_64-unknown-linux-gnu'
target_alias=''
target_cpu='x86_64'
target_os='linux-gnu'
target_vendor='unknown'

## ----------- ##
## confdefs.h. ##
## ----------- ##

/* confdefs.h */
#define PACKAGE_NAME "SU2"
#define PACKAGE_TARNAME "SU2"
#define PACKAGE_VERSION "6.0.0"
#define PACKAGE_STRING "SU2 6.0.0"
#define PACKAGE_BUGREPORT "su2code-dev@lists.stanford.edu"
#define PACKAGE_URL "https://github.com/su2code"
#define PACKAGE "SU2"
#define VERSION "6.0.0"

configure: exit 77
